<?xml version="1.0" encoding="UTF-8"?>
<!-- Generated by org.testng.reporters.JUnitXMLReporter -->
<testsuite ignored="4" hostname="Deepak" failures="0" tests="1" name="Default test" time="2.842" errors="0" timestamp="2025-03-24T23:40:24 IST">
  <testcase classname="testScripts.LoginTest" name="verifyValidationMsgs" time="0.28"/>
  <testcase classname="testScripts.LoginTest" name="verifyLoginDataDriven" time="0.0">
    <ignored/>
  </testcase> <!-- verifyLoginDataDriven -->
  <testcase classname="testScripts.LoginTest" name="login" time="0.0">
    <ignored/>
  </testcase> <!-- login -->
  <testcase classname="testScripts.LoginTest" name="verifyEmailValidation" time="0.0">
    <ignored/>
  </testcase> <!-- verifyEmailValidation -->
  <testcase classname="testScripts.LoginTest" name="verifyPasswordValidation" time="0.0">
    <ignored/>
  </testcase> <!-- verifyPasswordValidation -->
</testsuite> <!-- Default test -->
