<?xml version="1.0" encoding="UTF-8"?>
<!-- Generated by org.testng.reporters.JUnitXMLReporter -->
<testsuite ignored="0" hostname="Deepak" failures="0" tests="4" name="Test" time="12.339" errors="0" timestamp="2025-03-25T11:39:17 IST">
  <testcase classname="testScripts.LoginTestPractice" name="loginFromPropertyValues" time="0.427"/>
  <testcase classname="testScripts.LoginTestPractice" name="verifyLoginDataDriven" time="0.433"/>
  <testcase classname="testScripts.LoginTestPractice" name="verifyLoginDataDriven" time="0.43"/>
  <testcase classname="testScripts.LoginTestPractice" name="verifyValidationMsgs" time="1.759"/>
</testsuite> <!-- Test -->
