<?xml version="1.0" encoding="UTF-8"?>
<testng-results ignored="4" total="5" passed="1" failed="0" skipped="0">
  <reporter-output>
  </reporter-output>
  <suite started-at="2025-03-24T23:40:21 IST" name="Default suite" finished-at="2025-03-24T23:40:24 IST" duration-ms="2842">
    <groups>
    </groups>
    <test started-at="2025-03-24T23:40:21 IST" name="Default test" finished-at="2025-03-24T23:40:24 IST" duration-ms="2842">
      <class name="testScripts.LoginTest">
        <test-method is-config="true" signature="setUp()[pri:0, instance:testScripts.LoginTest@4efac082]" started-at="2025-03-24T23:40:21 IST" name="setUp" finished-at="2025-03-24T23:40:24 IST" duration-ms="2432" status="PASS">
          <reporter-output>
          </reporter-output>
        </test-method> <!-- setUp -->
        <test-method signature="verifyValidationMsgs()[pri:0, instance:testScripts.LoginTest@4efac082]" started-at="2025-03-24T23:40:24 IST" name="verifyValidationMsgs" finished-at="2025-03-24T23:40:24 IST" duration-ms="280" status="PASS">
          <reporter-output>
          </reporter-output>
        </test-method> <!-- verifyValidationMsgs -->
        <test-method is-config="true" signature="tearDown(org.testng.ITestResult)[pri:0, instance:testScripts.LoginTest@4efac082]" started-at="2025-03-24T23:40:24 IST" name="tearDown" finished-at="2025-03-24T23:40:24 IST" duration-ms="76" status="PASS">
          <params>
            <param index="0">
              <value>
                <![CDATA[[TestResult name=verifyValidationMsgs status=SUCCESS method=LoginTest.verifyValidationMsgs()[pri:0, instance:testScripts.LoginTest@4efac082] output={null}]]]>
              </value>
            </param>
          </params>
          <reporter-output>
          </reporter-output>
        </test-method> <!-- tearDown -->
      </class> <!-- testScripts.LoginTest -->
    </test> <!-- Default test -->
  </suite> <!-- Default suite -->
</testng-results>
